<?xml version="1.0" encoding="utf-8"?>
<TestRun id="af578093-8777-475c-99e4-96b147a12802" name="Kasra@DESKTOP-RV5KSGS 2026-09-18 09:18:12" runUser="DESKTOP-RV5KSGS\CodexSandboxOffline" xmlns="http://microsoft.com/schemas/VisualStudio/TeamTest/2010">
  <Times creation="2026-09-18T09:18:12.0363425+03:30" queuing="2026-09-18T09:18:12.0363428+03:30" start="2026-09-18T09:18:09.5527259+03:30" finish="2026-09-18T09:18:12.0475597+03:30" />
  <TestSettings name="default" id="3f28ad86-a475-4d28-8d63-3b68aac598ec">
    <Deployment runDeploymentRoot="Kasra_DESKTOP-RV5KSGS_2026-09-18_09_18_12" />
  </TestSettings>
  <Results>
    <UnitTestResult executionId="e69e38a4-b0e4-4f55-83ab-0d3a09f6687b" testId="4ea7e772-5179-8ded-97bb-ac9df5d55cc6" testName="IntentionalFailure_CapturesBrowserEvidence" computerName="DESKTOP-RV5KSGS" duration="00:00:01.9243720" startTime="2026-09-18T09:18:10.0055076+03:30" endTime="2026-09-18T09:18:11.9298197+03:30" testType="13cdc9d9-ddb5-4fa4-a97d-d965ccfc6d4b" outcome="Failed" testListId="8c84fa94-04c1-424b-9868-57a2d4851a1d" relativeResultsDirectory="e69e38a4-b0e4-4f55-83ab-0d3a09f6687b">
      <Output>
        <StdOut>Correlation: 6cf23c635bde4e58a9e47604724f7266&#xD;
Report: C:\Users\Kasra\Documents\Codex\2026-09-18\fv\work\ae-fresh\artifacts\verified-browser-demo\evidence\index.html&#xD;
Cleanup: Not required (no accounts created)</StdOut>
        <ErrorInfo>
          <Message>  EXPECTED DEMO FAILURE: verify screenshot, trace, JSON and HTML attachments.&#xD;
Assert.That(await page.TitleAsync(), Is.EqualTo("Intentionally incorrect title"))&#xD;
  Expected string length 29 but was 25. Strings differ at index 0.&#xD;
  Expected: "Intentionally incorrect title"&#xD;
  But was:  "Diagnostics demonstration"&#xD;
  -----------^&#xD;
</Message>
          <StackTrace>   at Challenge.Tests.Ui.EvidenceDemo.IntentionalFailure_CapturesBrowserEvidence() in C:\Users\Kasra\Documents\Codex\2026-09-18\fv\work\ae-fresh\tests\Challenge.Tests\Ui\EvidenceDemo.cs:line 16&#xD;
   at NUnit.Framework.Internal.TaskAwaitAdapter.GenericAdapter`1.BlockUntilCompleted()&#xD;
   at NUnit.Framework.Internal.MessagePumpStrategy.NoMessagePumpStrategy.WaitForCompletion(AwaitAdapter awaiter)&#xD;
   at NUnit.Framework.Internal.AsyncToSyncAdapter.Await[TResult](Func`1 invoke)&#xD;
   at NUnit.Framework.Internal.AsyncToSyncAdapter.Await(Func`1 invoke)&#xD;
   at NUnit.Framework.Internal.Commands.TestMethodCommand.RunTestMethod(TestExecutionContext context)&#xD;
   at NUnit.Framework.Internal.Commands.TestMethodCommand.Execute(TestExecutionContext context)&#xD;
   at NUnit.Framework.Internal.Commands.BeforeAndAfterTestCommand.&lt;&gt;c__DisplayClass1_0.&lt;Execute&gt;b__0()&#xD;
   at NUnit.Framework.Internal.Commands.DelegatingTestCommand.RunTestMethodInThreadAbortSafeZone(TestExecutionContext context, Action action)&#xD;

1)    at Challenge.Tests.Ui.EvidenceDemo.IntentionalFailure_CapturesBrowserEvidence() in C:\Users\Kasra\Documents\Codex\2026-09-18\fv\work\ae-fresh\tests\Challenge.Tests\Ui\EvidenceDemo.cs:line 16&#xD;
   at System.Runtime.CompilerServices.AsyncTaskMethodBuilder`1.AsyncStateMachineBox`1.ExecutionContextCallback(Object s)&#xD;

</StackTrace>
        </ErrorInfo>
      </Output>
      <ResultFiles>
        <ResultFile path="DESKTOP-RV5KSGS\details.html" />
        <ResultFile path="DESKTOP-RV5KSGS\diagnostics.json" />
        <ResultFile path="DESKTOP-RV5KSGS\failure-dom.html" />
        <ResultFile path="DESKTOP-RV5KSGS\failure.png" />
        <ResultFile path="DESKTOP-RV5KSGS\trace.zip" />
      </ResultFiles>
    </UnitTestResult>
  </Results>
  <TestDefinitions>
    <UnitTest name="IntentionalFailure_CapturesBrowserEvidence" storage="c:\users\kasra\documents\codex\2026-09-18\fv\work\ae-fresh\tests\challenge.tests\bin\release\net8.0\challenge.tests.dll" id="4ea7e772-5179-8ded-97bb-ac9df5d55cc6">
      <Execution id="e69e38a4-b0e4-4f55-83ab-0d3a09f6687b" />
      <TestMethod codeBase="C:\Users\Kasra\Documents\Codex\2026-09-18\fv\work\ae-fresh\tests\Challenge.Tests\bin\Release\net8.0\Challenge.Tests.dll" adapterTypeName="executor://nunit3testexecutor/" className="Challenge.Tests.Ui.EvidenceDemo" name="IntentionalFailure_CapturesBrowserEvidence" />
    </UnitTest>
  </TestDefinitions>
  <TestEntries>
    <TestEntry testId="4ea7e772-5179-8ded-97bb-ac9df5d55cc6" executionId="e69e38a4-b0e4-4f55-83ab-0d3a09f6687b" testListId="8c84fa94-04c1-424b-9868-57a2d4851a1d" />
  </TestEntries>
  <TestLists>
    <TestList name="Results Not in a List" id="8c84fa94-04c1-424b-9868-57a2d4851a1d" />
    <TestList name="All Loaded Results" id="19431567-8539-422a-85d7-44ee4e166bda" />
  </TestLists>
  <ResultSummary outcome="Failed">
    <Counters total="1" executed="1" passed="0" failed="1" error="0" timeout="0" aborted="0" inconclusive="0" passedButRunAborted="0" notRunnable="0" notExecuted="0" disconnected="0" warning="0" completed="0" inProgress="0" pending="0" />
    <Output>
      <StdOut>NUnit Adapter 4.6.0.0: Test execution started&#xD;
Running selected tests in C:\Users\Kasra\Documents\Codex\2026-09-18\fv\work\ae-fresh\tests\Challenge.Tests\bin\Release\net8.0\Challenge.Tests.dll&#xD;
   NUnit3TestExecutor discovered 1 of 1 NUnit test cases using Current Discovery mode, Explicit run&#xD;
Correlation: 6cf23c635bde4e58a9e47604724f7266&#xD;
Report: C:\Users\Kasra\Documents\Codex\2026-09-18\fv\work\ae-fresh\artifacts\verified-browser-demo\evidence\index.html&#xD;
Cleanup: Not required (no accounts created)&#xD;
&#xD;
NUnit Adapter 4.6.0.0: Test execution complete&#xD;
</StdOut>
    </Output>
  </ResultSummary>
</TestRun>