<?xml version="1.0" encoding="utf-8"?>
<TestRun id="33aa2a4e-a2c5-4bba-8565-1dd2829579d9" name="Kasra@DESKTOP-RV5KSGS 2026-09-18 09:19:36" runUser="DESKTOP-RV5KSGS\CodexSandboxOnline" xmlns="http://microsoft.com/schemas/VisualStudio/TeamTest/2010">
  <Times creation="2026-09-18T09:19:36.0644042+03:30" queuing="2026-09-18T09:19:36.0644044+03:30" start="2026-09-18T09:19:32.9715060+03:30" finish="2026-09-18T09:19:36.0724740+03:30" />
  <TestSettings name="default" id="c10a25e6-b4e9-498a-9ea5-9e05ef537ca1">
    <Deployment runDeploymentRoot="Kasra_DESKTOP-RV5KSGS_2026-09-18_09_19_36" />
  </TestSettings>
  <Results>
    <UnitTestResult executionId="a0f23809-5c5b-4b90-92eb-c5824f9c41e6" testId="4cdd3596-813f-93e9-7711-164e28ed5f01" testName="EmptySearch_RecordsSemanticsWithoutInventingARequirement" computerName="DESKTOP-RV5KSGS" duration="00:00:02.5371100" startTime="2026-09-18T09:19:33.4301767+03:30" endTime="2026-09-18T09:19:35.9672471+03:30" testType="13cdc9d9-ddb5-4fa4-a97d-d965ccfc6d4b" outcome="Passed" testListId="8c84fa94-04c1-424b-9868-57a2d4851a1d" relativeResultsDirectory="a0f23809-5c5b-4b90-92eb-c5824f9c41e6">
      <Output>
        <StdOut>Correlation: 61d52931f0454817b465af2544a4442b&#xD;
Report: C:\Users\Kasra\Documents\Codex\2026-09-18\fv\work\ae-fresh\artifacts\observations-network-restored\evidence\index.html&#xD;
Cleanup: Not required (no accounts created)</StdOut>
      </Output>
      <ResultFiles>
        <ResultFile path="DESKTOP-RV5KSGS\details.html" />
        <ResultFile path="DESKTOP-RV5KSGS\diagnostics.json" />
      </ResultFiles>
    </UnitTestResult>
  </Results>
  <TestDefinitions>
    <UnitTest name="EmptySearch_RecordsSemanticsWithoutInventingARequirement" storage="c:\users\kasra\documents\codex\2026-09-18\fv\work\ae-fresh\tests\challenge.tests\bin\release\net8.0\challenge.tests.dll" id="4cdd3596-813f-93e9-7711-164e28ed5f01">
      <Execution id="a0f23809-5c5b-4b90-92eb-c5824f9c41e6" />
      <TestMethod codeBase="C:\Users\Kasra\Documents\Codex\2026-09-18\fv\work\ae-fresh\tests\Challenge.Tests\bin\Release\net8.0\Challenge.Tests.dll" adapterTypeName="executor://nunit3testexecutor/" className="Challenge.Tests.Api.ContractObservations" name="EmptySearch_RecordsSemanticsWithoutInventingARequirement" />
    </UnitTest>
  </TestDefinitions>
  <TestEntries>
    <TestEntry testId="4cdd3596-813f-93e9-7711-164e28ed5f01" executionId="a0f23809-5c5b-4b90-92eb-c5824f9c41e6" testListId="8c84fa94-04c1-424b-9868-57a2d4851a1d" />
  </TestEntries>
  <TestLists>
    <TestList name="Results Not in a List" id="8c84fa94-04c1-424b-9868-57a2d4851a1d" />
    <TestList name="All Loaded Results" id="19431567-8539-422a-85d7-44ee4e166bda" />
  </TestLists>
  <ResultSummary outcome="Completed">
    <Counters total="1" executed="1" passed="1" failed="0" error="0" timeout="0" aborted="0" inconclusive="0" passedButRunAborted="0" notRunnable="0" notExecuted="0" disconnected="0" warning="0" completed="0" inProgress="0" pending="0" />
    <Output>
      <StdOut>NUnit Adapter 4.6.0.0: Test execution started&#xD;
Running selected tests in C:\Users\Kasra\Documents\Codex\2026-09-18\fv\work\ae-fresh\tests\Challenge.Tests\bin\Release\net8.0\Challenge.Tests.dll&#xD;
   NUnit3TestExecutor discovered 1 of 1 NUnit test cases using Current Discovery mode, Non-Explicit run&#xD;
Correlation: 61d52931f0454817b465af2544a4442b&#xD;
Report: C:\Users\Kasra\Documents\Codex\2026-09-18\fv\work\ae-fresh\artifacts\observations-network-restored\evidence\index.html&#xD;
Cleanup: Not required (no accounts created)&#xD;
&#xD;
NUnit Adapter 4.6.0.0: Test execution complete&#xD;
</StdOut>
    </Output>
  </ResultSummary>
</TestRun>