<?xml version="1.0" encoding="utf-8"?>
<TestRun id="dff2db38-976e-4504-8bdf-58f5887f3363" name="Kasra@DESKTOP-RV5KSGS 2026-09-18 09:42:08" runUser="DESKTOP-RV5KSGS\CodexSandboxOnline" xmlns="http://microsoft.com/schemas/VisualStudio/TeamTest/2010">
  <Times creation="2026-09-18T09:42:08.6778807+03:30" queuing="2026-09-18T09:42:08.6778812+03:30" start="2026-09-18T09:42:04.9609804+03:30" finish="2026-09-18T09:42:10.0648646+03:30" />
  <TestSettings name="default" id="363a2d56-2af7-45fc-91e4-fd8f00ba1fb4">
    <Deployment runDeploymentRoot="Kasra_DESKTOP-RV5KSGS_2026-09-18_09_42_08" />
  </TestSettings>
  <Results>
    <UnitTestResult executionId="bf9464c1-87d2-426f-be82-e24c91e57616" testId="2101beb2-d0a3-8090-1b8b-dcbb3b801ed5" testName="DialogAppearingBetweenActions_IsHandledBeforeCheckoutClick" computerName="DESKTOP-RV5KSGS" duration="00:00:02.7680080" startTime="2026-09-18T09:42:05.8427595+03:30" endTime="2026-09-18T09:42:08.6107118+03:30" testType="13cdc9d9-ddb5-4fa4-a97d-d965ccfc6d4b" outcome="Passed" testListId="8c84fa94-04c1-424b-9868-57a2d4851a1d" relativeResultsDirectory="bf9464c1-87d2-426f-be82-e24c91e57616">
      <Output>
        <StdOut>Correlation: 9773f4c337784e498dc41a9671a8207e&#xD;
Report: C:\Users\Kasra\Documents\Codex\2026-09-18\fv\outputs\ae-qa-suite\artifacts\20260918-094204-browser-harness-eb85ec\evidence\index.html&#xD;
Cleanup: Not required (no accounts created)</StdOut>
      </Output>
      <ResultFiles>
        <ResultFile path="DESKTOP-RV5KSGS\details.html" />
        <ResultFile path="DESKTOP-RV5KSGS\diagnostics.json" />
      </ResultFiles>
    </UnitTestResult>
    <UnitTestResult executionId="c37df644-0b36-47aa-adfa-0147ace3db87" testId="6a6b8774-0692-6b1b-377a-99182e8e355e" testName="NoOverlay_DoesNotClickAnUnrelatedConsentButton" computerName="DESKTOP-RV5KSGS" duration="00:00:01.3879400" startTime="2026-09-18T09:42:08.6124403+03:30" endTime="2026-09-18T09:42:10.0003799+03:30" testType="13cdc9d9-ddb5-4fa4-a97d-d965ccfc6d4b" outcome="Passed" testListId="8c84fa94-04c1-424b-9868-57a2d4851a1d" relativeResultsDirectory="c37df644-0b36-47aa-adfa-0147ace3db87">
      <Output>
        <StdOut>Correlation: 4154a990dd8e4c53a014af6fb0f7bbae&#xD;
Report: C:\Users\Kasra\Documents\Codex\2026-09-18\fv\outputs\ae-qa-suite\artifacts\20260918-094204-browser-harness-eb85ec\evidence\index.html&#xD;
Cleanup: Not required (no accounts created)</StdOut>
      </Output>
      <ResultFiles>
        <ResultFile path="DESKTOP-RV5KSGS\details.html" />
        <ResultFile path="DESKTOP-RV5KSGS\diagnostics.json" />
      </ResultFiles>
    </UnitTestResult>
    <UnitTestResult executionId="b05506d6-3c45-4207-b373-8aa238acb2f4" testId="49613132-6f8f-b9a9-08db-eb1681e2f590" testName="Handler_RemainsAvailableAfterASecondDocument" computerName="DESKTOP-RV5KSGS" duration="00:00:02.8021930" startTime="2026-09-18T09:42:05.8428574+03:30" endTime="2026-09-18T09:42:08.6450496+03:30" testType="13cdc9d9-ddb5-4fa4-a97d-d965ccfc6d4b" outcome="Passed" testListId="8c84fa94-04c1-424b-9868-57a2d4851a1d" relativeResultsDirectory="b05506d6-3c45-4207-b373-8aa238acb2f4">
      <Output>
        <StdOut>Correlation: 5a62e91fa5b3485b9da19dbf3fb663e5&#xD;
Report: C:\Users\Kasra\Documents\Codex\2026-09-18\fv\outputs\ae-qa-suite\artifacts\20260918-094204-browser-harness-eb85ec\evidence\index.html&#xD;
Cleanup: Not required (no accounts created)</StdOut>
      </Output>
      <ResultFiles>
        <ResultFile path="DESKTOP-RV5KSGS\details.html" />
        <ResultFile path="DESKTOP-RV5KSGS\diagnostics.json" />
      </ResultFiles>
    </UnitTestResult>
  </Results>
  <TestDefinitions>
    <UnitTest name="Handler_RemainsAvailableAfterASecondDocument" storage="c:\users\kasra\documents\codex\2026-09-18\fv\outputs\ae-qa-suite\tests\challenge.tests\bin\release\net8.0\challenge.tests.dll" id="49613132-6f8f-b9a9-08db-eb1681e2f590">
      <Execution id="b05506d6-3c45-4207-b373-8aa238acb2f4" />
      <TestMethod codeBase="C:\Users\Kasra\Documents\Codex\2026-09-18\fv\outputs\ae-qa-suite\tests\Challenge.Tests\bin\Release\net8.0\Challenge.Tests.dll" adapterTypeName="executor://nunit3testexecutor/" className="Challenge.Tests.Harness.ConsentDialogTests" name="Handler_RemainsAvailableAfterASecondDocument" />
    </UnitTest>
    <UnitTest name="NoOverlay_DoesNotClickAnUnrelatedConsentButton" storage="c:\users\kasra\documents\codex\2026-09-18\fv\outputs\ae-qa-suite\tests\challenge.tests\bin\release\net8.0\challenge.tests.dll" id="6a6b8774-0692-6b1b-377a-99182e8e355e">
      <Execution id="c37df644-0b36-47aa-adfa-0147ace3db87" />
      <TestMethod codeBase="C:\Users\Kasra\Documents\Codex\2026-09-18\fv\outputs\ae-qa-suite\tests\Challenge.Tests\bin\Release\net8.0\Challenge.Tests.dll" adapterTypeName="executor://nunit3testexecutor/" className="Challenge.Tests.Harness.ConsentDialogTests" name="NoOverlay_DoesNotClickAnUnrelatedConsentButton" />
    </UnitTest>
    <UnitTest name="DialogAppearingBetweenActions_IsHandledBeforeCheckoutClick" storage="c:\users\kasra\documents\codex\2026-09-18\fv\outputs\ae-qa-suite\tests\challenge.tests\bin\release\net8.0\challenge.tests.dll" id="2101beb2-d0a3-8090-1b8b-dcbb3b801ed5">
      <Execution id="bf9464c1-87d2-426f-be82-e24c91e57616" />
      <TestMethod codeBase="C:\Users\Kasra\Documents\Codex\2026-09-18\fv\outputs\ae-qa-suite\tests\Challenge.Tests\bin\Release\net8.0\Challenge.Tests.dll" adapterTypeName="executor://nunit3testexecutor/" className="Challenge.Tests.Harness.ConsentDialogTests" name="DialogAppearingBetweenActions_IsHandledBeforeCheckoutClick" />
    </UnitTest>
  </TestDefinitions>
  <TestEntries>
    <TestEntry testId="2101beb2-d0a3-8090-1b8b-dcbb3b801ed5" executionId="bf9464c1-87d2-426f-be82-e24c91e57616" testListId="8c84fa94-04c1-424b-9868-57a2d4851a1d" />
    <TestEntry testId="6a6b8774-0692-6b1b-377a-99182e8e355e" executionId="c37df644-0b36-47aa-adfa-0147ace3db87" testListId="8c84fa94-04c1-424b-9868-57a2d4851a1d" />
    <TestEntry testId="49613132-6f8f-b9a9-08db-eb1681e2f590" executionId="b05506d6-3c45-4207-b373-8aa238acb2f4" testListId="8c84fa94-04c1-424b-9868-57a2d4851a1d" />
  </TestEntries>
  <TestLists>
    <TestList name="Results Not in a List" id="8c84fa94-04c1-424b-9868-57a2d4851a1d" />
    <TestList name="All Loaded Results" id="19431567-8539-422a-85d7-44ee4e166bda" />
  </TestLists>
  <ResultSummary outcome="Completed">
    <Counters total="3" executed="3" passed="3" failed="0" error="0" timeout="0" aborted="0" inconclusive="0" passedButRunAborted="0" notRunnable="0" notExecuted="0" disconnected="0" warning="0" completed="0" inProgress="0" pending="0" />
    <Output>
      <StdOut>NUnit Adapter 4.6.0.0: Test execution started&#xD;
Running selected tests in C:\Users\Kasra\Documents\Codex\2026-09-18\fv\outputs\ae-qa-suite\tests\Challenge.Tests\bin\Release\net8.0\Challenge.Tests.dll&#xD;
   NUnit3TestExecutor discovered 3 of 3 NUnit test cases using Current Discovery mode, Non-Explicit run&#xD;
Correlation: 9773f4c337784e498dc41a9671a8207e&#xD;
Report: C:\Users\Kasra\Documents\Codex\2026-09-18\fv\outputs\ae-qa-suite\artifacts\20260918-094204-browser-harness-eb85ec\evidence\index.html&#xD;
Cleanup: Not required (no accounts created)&#xD;
&#xD;
Correlation: 5a62e91fa5b3485b9da19dbf3fb663e5&#xD;
Report: C:\Users\Kasra\Documents\Codex\2026-09-18\fv\outputs\ae-qa-suite\artifacts\20260918-094204-browser-harness-eb85ec\evidence\index.html&#xD;
Cleanup: Not required (no accounts created)&#xD;
&#xD;
Correlation: 4154a990dd8e4c53a014af6fb0f7bbae&#xD;
Report: C:\Users\Kasra\Documents\Codex\2026-09-18\fv\outputs\ae-qa-suite\artifacts\20260918-094204-browser-harness-eb85ec\evidence\index.html&#xD;
Cleanup: Not required (no accounts created)&#xD;
&#xD;
NUnit Adapter 4.6.0.0: Test execution complete&#xD;
</StdOut>
    </Output>
  </ResultSummary>
</TestRun>